C51 COMPILER V9.54   MAIN                                                                  03/05/2019 14:44:56 PAGE 1   


C51 COMPILER V9.54, COMPILATION OF MODULE MAIN
OBJECT MODULE PLACED IN .\Objects\main.obj
COMPILER INVOKED BY: C:\Keil_v5\C51\BIN\C51.EXE main.c OPTIMIZE(8,SPEED) BROWSE DEBUG OBJECTEXTEND PRINT(.\Listings\main
                    -.lst) TABS(2) OBJECT(.\Objects\main.obj)

line level    source

   1          #include<AT89C51XD2.h> //uses the functions for the AT89C51XD2
   2          
   3          #include<stdio.h>  // prototype declarations for I/O functions
   4          
   5          
   6          void main(void){
   7   1        int i;
   8   1      
   9   1        P0 = 0x0;
  10   1        
  11   1        for (i = 0 ; i < 20; i++)  {
  12   2          P0 = (P0 ^ 0x01);
  13   2        }
  14   1      }
  15          }
*** ERROR C141 IN LINE 15 OF main.c: syntax error near '}'
  16          
  17          
  18          
  19          

C51 COMPILATION COMPLETE.  0 WARNING(S),  1 ERROR(S)
