C51 COMPILER V9.54   MAIN                                                                  03/05/2019 14:00:35 PAGE 1   


C51 COMPILER V9.54, COMPILATION OF MODULE MAIN
OBJECT MODULE PLACED IN .\Objects\main.obj
COMPILER INVOKED BY: C:\Keil_v5\C51\BIN\C51.EXE main.c OPTIMIZE(8,SPEED) BROWSE DEBUG OBJECTEXTEND PRINT(.\Listings\main
                    -.lst) TABS(2) OBJECT(.\Objects\main.obj)

line level    source

   1          #include<AT89C51XD2.h>
   2          #include<intrins.h>
   3          
   4          void main(){
   5   1        unsigned int i; 
   6   1        
   7   1        unsigned int WAVEVALUE[16] = {128, 192, 224, 240, 255, 240, 224, 192, 128, 64, 32, 16, 0, 16, 32, 64};
   8   1        
   9   1        while(1){
  10   2          
  11   2          for(i = 0; i < 16; i++){
  12   3            P1 = WAVEVALUE[i];
  13   3            
  14   3            //generate a delay
  15   3            _nop_();
  16   3            _nop_();
  17   3            _nop_();
  18   3            _nop_();
  19   3            _nop_();
  20   3            _nop_();
  21   3          }
  22   2        }
  23   1      }


MODULE INFORMATION:   STATIC OVERLAYABLE
   CODE SIZE        =     51    ----
   CONSTANT SIZE    =     32    ----
   XDATA SIZE       =   ----    ----
   PDATA SIZE       =   ----    ----
   DATA SIZE        =   ----      32
   IDATA SIZE       =   ----    ----
   BIT SIZE         =   ----    ----
END OF MODULE INFORMATION.


C51 COMPILATION COMPLETE.  0 WARNING(S),  0 ERROR(S)
