C51 COMPILER V9.54   MAIN                                                                  02/21/2019 16:03:38 PAGE 1   


C51 COMPILER V9.54, COMPILATION OF MODULE MAIN
OBJECT MODULE PLACED IN .\Objects\main.obj
COMPILER INVOKED BY: C:\Keil_v5\C51\BIN\C51.EXE main.c OPTIMIZE(8,SPEED) BROWSE DEBUG OBJECTEXTEND PRINT(.\Listings\main
                    -.lst) TABS(2) OBJECT(.\Objects\main.obj)

line level    source

   1          // Program to blink an LED at Port pin P1.0 (physical pin 1 of IC)
   2          
   3          //#include<reg52.h>  // special function register declarations for 89s52
   4          
   5          #include<AT89C51XD2.h> //uses the functions for the AT89C51XD2
   6          
   7          #include<stdio.h>  // prototype declarations for I/O functions
   8          
   9          sbit LED = P1^0;    // defining pin P1^0 as LED
  10          
  11          void delay(void) ;  //delay function prototype declaration
  12          
  13          void main (void) 
  14              
  15          { 
  16   1          LED = 0 ;              // Make LED pin as Output 
  17   1          while(1)                //indefinite loop 
  18   1          { 
  19   2             LED = 0;           // LED Off 
  20   2             delay(); 
  21   2             LED = 1;          // LED ON  
  22   2             delay(); 
  23   2          } 
  24   1      }
  25          
  26          void delay(void) 
  27          { 
  28   1          int j; 
  29   1          int i; 
  30   1          for(i=0;i<10;i++) 
  31   1          { 
  32   2              for(j=0;j<10000;j++) 
  33   2              { 
  34   3              } 
  35   2          } 
  36   1      }


MODULE INFORMATION:   STATIC OVERLAYABLE
   CODE SIZE        =     43    ----
   CONSTANT SIZE    =   ----    ----
   XDATA SIZE       =   ----    ----
   PDATA SIZE       =   ----    ----
   DATA SIZE        =   ----    ----
   IDATA SIZE       =   ----    ----
   BIT SIZE         =   ----    ----
END OF MODULE INFORMATION.


C51 COMPILATION COMPLETE.  0 WARNING(S),  0 ERROR(S)
